<?xml version="1.0" encoding="UTF-8"?>
<!-- Generated by org.testng.reporters.JUnitReportReporter -->
<testsuite skipped="0" hostname="DESKTOP-B2426KB" name="com.testNG.TestNGConcept" tests="2" failures="0" timestamp="17 Jun 2020 10:27:31 GMT" time="0.006" errors="0">
  <testcase name="test1" time="0.001" classname="com.testNG.TestNGConcept"/>
  <testcase name="test" time="0.005" classname="com.testNG.TestNGConcept"/>
</testsuite> <!-- com.testNG.TestNGConcept -->
