<?xml version="1.0" encoding="UTF-8"?>
<!-- Generated by org.testng.reporters.JUnitReportReporter -->
<testsuite skipped="0" hostname="DESKTOP-B2426KB" name="com.parallelTesting.ParallelTesting" tests="3" failures="0" timestamp="02 Sep 2020 10:46:46 GMT" time="34.079" errors="0">
  <testcase name="test3" time="11.537" classname="com.parallelTesting.ParallelTesting"/>
  <testcase name="test2" time="11.358" classname="com.parallelTesting.ParallelTesting"/>
  <testcase name="test1" time="11.184" classname="com.parallelTesting.ParallelTesting"/>
</testsuite> <!-- com.parallelTesting.ParallelTesting -->
