<?xml version="1.0" encoding="UTF-8"?>
<!-- Generated by org.testng.reporters.JUnitReportReporter -->
<testsuite skipped="0" hostname="DESKTOP-B2426KB" name="com.testNG.ExceptionTimeOutTest" tests="1" failures="0" timestamp="17 Jun 2020 15:48:42 GMT" time="2.007" errors="0">
  <testcase name="infiniteTest" time="2.007" classname="com.testNG.ExceptionTimeOutTest"/>
</testsuite> <!-- com.testNG.ExceptionTimeOutTest -->
