<?xml version="1.0" encoding="UTF-8"?>
<!-- Generated by org.testng.reporters.JUnitReportReporter -->
<testsuite skipped="0" hostname="DESKTOP-B2426KB" name="com.singletonpattern.PageTest" tests="1" failures="0" timestamp="13 Aug 2020 11:00:49 GMT" time="9.398" errors="0">
  <testcase name="test1" time="9.398" classname="com.singletonpattern.PageTest"/>
</testsuite> <!-- com.singletonpattern.PageTest -->
