<?xml version="1.0" encoding="UTF-8"?>
<!-- Generated by org.testng.reporters.JUnitReportReporter -->
<testsuite skipped="0" hostname="DESKTOP-B2426KB" name="com.testNG.GoogleTest" tests="7" failures="0" timestamp="17 Jun 2020 13:26:37 GMT" time="70.514" errors="0">
  <testcase name="test1" time="10.873" classname="com.testNG.GoogleTest"/>
  <testcase name="test2" time="9.976" classname="com.testNG.GoogleTest"/>
  <testcase name="test3" time="10.118" classname="com.testNG.GoogleTest"/>
  <testcase name="test4" time="10.170" classname="com.testNG.GoogleTest"/>
  <testcase name="test5" time="11.218" classname="com.testNG.GoogleTest"/>
  <testcase name="test6" time="5.856" classname="com.testNG.GoogleTest"/>
  <testcase name="test7" time="12.303" classname="com.testNG.GoogleTest"/>
</testsuite> <!-- com.testNG.GoogleTest -->
