<?xml version="1.0" encoding="UTF-8"?>
<!-- Generated by org.testng.reporters.JUnitReportReporter -->
<testsuite skipped="0" hostname="DESKTOP-B2426KB" name="com.testNG.TestNGFeatures" tests="1" failures="0" timestamp="17 Jun 2020 15:49:24 GMT" time="0.001" errors="0">
  <testcase name="login" time="0.001" classname="com.testNG.TestNGFeatures"/>
</testsuite> <!-- com.testNG.TestNGFeatures -->
