<?xml version="1.0" encoding="UTF-8"?>
<!-- Generated by org.testng.reporters.JUnitReportReporter -->
<testsuite skipped="0" hostname="DESKTOP-B2426KB" name="com.testNG.TestNGAnnotationConcept" tests="2" failures="0" timestamp="18 Jun 2020 08:50:45 GMT" time="0.003" errors="0">
  <testcase name="test1" time="0.000" classname="com.testNG.TestNGAnnotationConcept"/>
  <testcase name="test" time="0.003" classname="com.testNG.TestNGAnnotationConcept"/>
</testsuite> <!-- com.testNG.TestNGAnnotationConcept -->
