<?xml version="1.0" encoding="UTF-8"?>
<!-- Generated by org.testng.reporters.JUnitReportReporter -->
<testsuite skipped="0" hostname="DESKTOP-B2426KB" name="com.dataprovider.DataProviderConcept" tests="4" failures="0" timestamp="18 Jun 2020 07:26:54 GMT" time="43.369" errors="0">
  <testcase name="enterDetails" time="11.260" classname="com.dataprovider.DataProviderConcept"/>
  <testcase name="enterDetails" time="10.822" classname="com.dataprovider.DataProviderConcept"/>
  <testcase name="enterDetails" time="11.552" classname="com.dataprovider.DataProviderConcept"/>
  <testcase name="enterDetails" time="9.735" classname="com.dataprovider.DataProviderConcept"/>
</testsuite> <!-- com.dataprovider.DataProviderConcept -->
