<?xml version="1.0" encoding="UTF-8"?>
<!-- Generated by org.testng.reporters.JUnitReportReporter -->
<testsuite skipped="0" hostname="DESKTOP-B2426KB" name="com.parallelTesting.ParallelTesting" tests="3" failures="0" timestamp="19 Jun 2020 07:34:41 GMT" time="37.969" errors="0">
  <testcase name="test3" time="12.855" classname="com.parallelTesting.ParallelTesting"/>
  <testcase name="test1" time="12.189" classname="com.parallelTesting.ParallelTesting"/>
  <testcase name="test2" time="12.925" classname="com.parallelTesting.ParallelTesting"/>
</testsuite> <!-- com.parallelTesting.ParallelTesting -->
