<?xml version="1.0" encoding="UTF-8"?>
<!-- Generated by org.testng.reporters.JUnitReportReporter -->
<testsuite skipped="0" hostname="DESKTOP-B2426KB" name="com.parallelTesting.ParallelTesting2" tests="3" failures="0" timestamp="02 Sep 2020 10:46:46 GMT" time="33.485" errors="0">
  <testcase name="test1" time="9.052" classname="com.parallelTesting.ParallelTesting2"/>
  <testcase name="test3" time="10.806" classname="com.parallelTesting.ParallelTesting2"/>
  <testcase name="test2" time="13.627" classname="com.parallelTesting.ParallelTesting2"/>
</testsuite> <!-- com.parallelTesting.ParallelTesting2 -->
