<?xml version="1.0" encoding="UTF-8"?>
<!-- Generated by org.testng.reporters.JUnitReportReporter -->
<testsuite skipped="0" hostname="DESKTOP-B2426KB" name="com.testNG.InvocationCountTest" tests="10" failures="0" timestamp="17 Jun 2020 15:49:24 GMT" time="0.011" errors="0">
  <testcase name="test1" time="0.002" classname="com.testNG.InvocationCountTest"/>
  <testcase name="test1" time="0.001" classname="com.testNG.InvocationCountTest"/>
  <testcase name="test1" time="0.001" classname="com.testNG.InvocationCountTest"/>
  <testcase name="test1" time="0.001" classname="com.testNG.InvocationCountTest"/>
  <testcase name="test1" time="0.001" classname="com.testNG.InvocationCountTest"/>
  <testcase name="test1" time="0.000" classname="com.testNG.InvocationCountTest"/>
  <testcase name="test1" time="0.001" classname="com.testNG.InvocationCountTest"/>
  <testcase name="test1" time="0.001" classname="com.testNG.InvocationCountTest"/>
  <testcase name="test1" time="0.001" classname="com.testNG.InvocationCountTest"/>
  <testcase name="test1" time="0.002" classname="com.testNG.InvocationCountTest"/>
</testsuite> <!-- com.testNG.InvocationCountTest -->
